<?xml version="1.0" encoding="UTF-8"?>
<coverage generated="1691541259212" clover="3.2.0">
  <project timestamp="1691541259212" name="All files">
    <metrics statements="46" coveredstatements="39" conditionals="53" coveredconditionals="41" methods="13" coveredmethods="11" elements="112" coveredelements="91" complexity="0" loc="46" ncloc="46" packages="4" files="4" classes="4"/>
    <package name="src">
      <metrics statements="1" coveredstatements="0" conditionals="0" coveredconditionals="0" methods="1" coveredmethods="0"/>
      <file name="App.tsx" path="/Users/faraneh.javadinejad/PERSONAL_GITHUB/tax-calculation/src/App.tsx">
        <metrics statements="1" coveredstatements="0" conditionals="0" coveredconditionals="0" methods="1" coveredmethods="0"/>
        <line num="7" count="0" type="stmt"/>
      </file>
    </package>
    <package name="src.components">
      <metrics statements="26" coveredstatements="21" conditionals="13" coveredconditionals="8" methods="7" coveredmethods="6"/>
      <file name="calculator.tsx" path="/Users/faraneh.javadinejad/PERSONAL_GITHUB/tax-calculation/src/components/calculator.tsx">
        <metrics statements="26" coveredstatements="21" conditionals="13" coveredconditionals="8" methods="7" coveredmethods="6"/>
        <line num="20" count="2" type="stmt"/>
        <line num="21" count="3" type="stmt"/>
        <line num="22" count="3" type="stmt"/>
        <line num="24" count="3" type="stmt"/>
        <line num="25" count="2" type="stmt"/>
        <line num="26" count="2" type="stmt"/>
        <line num="28" count="1" type="cond" truecount="3" falsecount="1"/>
        <line num="29" count="0" type="stmt"/>
        <line num="30" count="0" type="stmt"/>
        <line num="32" count="1" type="stmt"/>
        <line num="35" count="1" type="stmt"/>
        <line num="36" count="1" type="stmt"/>
        <line num="39" count="0" type="stmt"/>
        <line num="40" count="0" type="stmt"/>
        <line num="44" count="2" type="stmt"/>
        <line num="50" count="3" type="stmt"/>
        <line num="51" count="1" type="stmt"/>
        <line num="52" count="1" type="stmt"/>
        <line num="54" count="1" type="stmt"/>
        <line num="55" count="1" type="stmt"/>
        <line num="57" count="1" type="cond" truecount="2" falsecount="3"/>
        <line num="58" count="0" type="stmt"/>
        <line num="60" count="1" type="stmt"/>
        <line num="61" count="1" type="stmt"/>
        <line num="64" count="1" type="stmt"/>
        <line num="71" count="3" type="stmt"/>
      </file>
    </package>
    <package name="src.pages">
      <metrics statements="16" coveredstatements="16" conditionals="38" coveredconditionals="32" methods="4" coveredmethods="4"/>
      <file name="mainPage.tsx" path="/Users/faraneh.javadinejad/PERSONAL_GITHUB/tax-calculation/src/pages/mainPage.tsx">
        <metrics statements="16" coveredstatements="16" conditionals="38" coveredconditionals="32" methods="4" coveredmethods="4"/>
        <line num="7" count="16" type="stmt"/>
        <line num="8" count="16" type="stmt"/>
        <line num="9" count="16" type="stmt"/>
        <line num="10" count="16" type="stmt"/>
        <line num="13" count="16" type="stmt"/>
        <line num="16" count="16" type="stmt"/>
        <line num="17" count="4" type="stmt"/>
        <line num="19" count="4" type="stmt"/>
        <line num="21" count="4" type="cond" truecount="2" falsecount="0"/>
        <line num="26" count="16" type="stmt"/>
        <line num="27" count="2" type="stmt"/>
        <line num="28" count="2" type="stmt"/>
        <line num="32" count="16" type="stmt"/>
        <line num="33" count="7" type="cond" truecount="4" falsecount="0"/>
        <line num="38" count="16" type="stmt"/>
        <line num="41" count="16" type="stmt"/>
      </file>
    </package>
    <package name="src.utility">
      <metrics statements="3" coveredstatements="2" conditionals="2" coveredconditionals="1" methods="1" coveredmethods="1"/>
      <file name="formatter.tsx" path="/Users/faraneh.javadinejad/PERSONAL_GITHUB/tax-calculation/src/utility/formatter.tsx">
        <metrics statements="3" coveredstatements="2" conditionals="2" coveredconditionals="1" methods="1" coveredmethods="1"/>
        <line num="5" count="2" type="cond" truecount="1" falsecount="1"/>
        <line num="6" count="2" type="stmt"/>
        <line num="8" count="0" type="stmt"/>
      </file>
    </package>
  </project>
</coverage>
