{"/Users/faraneh.javadinejad/PERSONAL_GITHUB/tax-calculation/src/App.tsx": {"path":"/Users/faraneh.javadinejad/PERSONAL_GITHUB/tax-calculation/src/App.tsx","statementMap":{"0":{"start":{"line":7,"column":2},"end":{"line":11,"column":4}}},"fnMap":{"0":{"name":"App","decl":{"start":{"line":6,"column":9},"end":{"line":6,"column":12}},"loc":{"start":{"line":6,"column":15},"end":{"line":12,"column":1}},"line":6}},"branchMap":{},"s":{"0":0},"f":{"0":0},"b":{}}
,"/Users/faraneh.javadinejad/PERSONAL_GITHUB/tax-calculation/src/components/calculator.tsx": {"path":"/Users/faraneh.javadinejad/PERSONAL_GITHUB/tax-calculation/src/components/calculator.tsx","statementMap":{"0":{"start":{"line":20,"column":19},"end":{"line":91,"column":1}},"1":{"start":{"line":21,"column":28},"end":{"line":21,"column":58}},"2":{"start":{"line":22,"column":32},"end":{"line":22,"column":57}},"3":{"start":{"line":24,"column":0},"end":{"line":45,"column":6}},"4":{"start":{"line":25,"column":23},"end":{"line":42,"column":3}},"5":{"start":{"line":26,"column":4},"end":{"line":41,"column":9}},"6":{"start":{"line":28,"column":8},"end":{"line":31,"column":9}},"7":{"start":{"line":29,"column":10},"end":{"line":29,"column":74}},"8":{"start":{"line":30,"column":10},"end":{"line":30,"column":57}},"9":{"start":{"line":32,"column":8},"end":{"line":32,"column":31}},"10":{"start":{"line":35,"column":8},"end":{"line":35,"column":26}},"11":{"start":{"line":36,"column":8},"end":{"line":36,"column":24}},"12":{"start":{"line":39,"column":8},"end":{"line":39,"column":84}},"13":{"start":{"line":40,"column":8},"end":{"line":40,"column":57}},"14":{"start":{"line":44,"column":2},"end":{"line":44,"column":17}},"15":{"start":{"line":50,"column":27},"end":{"line":65,"column":1}},"16":{"start":{"line":51,"column":24},"end":{"line":51,"column":30}},"17":{"start":{"line":52,"column":25},"end":{"line":52,"column":26}},"18":{"start":{"line":54,"column":2},"end":{"line":63,"column":3}},"19":{"start":{"line":55,"column":31},"end":{"line":55,"column":38}},"20":{"start":{"line":57,"column":4},"end":{"line":62,"column":5}},"21":{"start":{"line":58,"column":6},"end":{"line":58,"column":37}},"22":{"start":{"line":60,"column":6},"end":{"line":60,"column":49}},"23":{"start":{"line":61,"column":6},"end":{"line":61,"column":12}},"24":{"start":{"line":64,"column":2},"end":{"line":64,"column":18}},"25":{"start":{"line":71,"column":0},"end":{"line":90,"column":2}}},"fnMap":{"0":{"name":"(anonymous_0)","decl":{"start":{"line":20,"column":19},"end":{"line":20,"column":20}},"loc":{"start":{"line":20,"column":58},"end":{"line":91,"column":1}},"line":20},"1":{"name":"(anonymous_1)","decl":{"start":{"line":24,"column":10},"end":{"line":24,"column":11}},"loc":{"start":{"line":24,"column":16},"end":{"line":45,"column":1}},"line":24},"2":{"name":"(anonymous_2)","decl":{"start":{"line":25,"column":23},"end":{"line":25,"column":24}},"loc":{"start":{"line":25,"column":35},"end":{"line":42,"column":3}},"line":25},"3":{"name":"(anonymous_3)","decl":{"start":{"line":27,"column":13},"end":{"line":27,"column":14}},"loc":{"start":{"line":27,"column":25},"end":{"line":33,"column":7}},"line":27},"4":{"name":"(anonymous_4)","decl":{"start":{"line":34,"column":12},"end":{"line":34,"column":13}},"loc":{"start":{"line":34,"column":22},"end":{"line":37,"column":7}},"line":34},"5":{"name":"(anonymous_5)","decl":{"start":{"line":38,"column":14},"end":{"line":38,"column":15}},"loc":{"start":{"line":38,"column":32},"end":{"line":41,"column":7}},"line":38},"6":{"name":"(anonymous_6)","decl":{"start":{"line":50,"column":27},"end":{"line":50,"column":28}},"loc":{"start":{"line":50,"column":83},"end":{"line":65,"column":1}},"line":50}},"branchMap":{"0":{"loc":{"start":{"line":28,"column":8},"end":{"line":31,"column":9}},"type":"if","locations":[{"start":{"line":28,"column":8},"end":{"line":31,"column":9}},{"start":{},"end":{}}],"line":28},"1":{"loc":{"start":{"line":28,"column":12},"end":{"line":28,"column":36}},"type":"binary-expr","locations":[{"start":{"line":28,"column":12},"end":{"line":28,"column":20}},{"start":{"line":28,"column":24},"end":{"line":28,"column":36}}],"line":28},"2":{"loc":{"start":{"line":57,"column":4},"end":{"line":62,"column":5}},"type":"if","locations":[{"start":{"line":57,"column":4},"end":{"line":62,"column":5}},{"start":{"line":59,"column":11},"end":{"line":62,"column":5}}],"line":57},"3":{"loc":{"start":{"line":57,"column":8},"end":{"line":57,"column":43}},"type":"binary-expr","locations":[{"start":{"line":57,"column":8},"end":{"line":57,"column":11}},{"start":{"line":57,"column":15},"end":{"line":57,"column":18}},{"start":{"line":57,"column":22},"end":{"line":57,"column":43}}],"line":57},"4":{"loc":{"start":{"line":74,"column":5},"end":{"line":88,"column":5}},"type":"cond-expr","locations":[{"start":{"line":75,"column":6},"end":{"line":78,"column":9}},{"start":{"line":79,"column":12},"end":{"line":87,"column":7}}],"line":74},"5":{"loc":{"start":{"line":79,"column":12},"end":{"line":87,"column":7}},"type":"cond-expr","locations":[{"start":{"line":80,"column":8},"end":{"line":82,"column":11}},{"start":{"line":84,"column":8},"end":{"line":86,"column":11}}],"line":79}},"s":{"0":2,"1":3,"2":3,"3":3,"4":2,"5":2,"6":1,"7":0,"8":0,"9":1,"10":1,"11":1,"12":0,"13":0,"14":2,"15":3,"16":1,"17":1,"18":1,"19":1,"20":1,"21":0,"22":1,"23":1,"24":1,"25":3},"f":{"0":3,"1":2,"2":2,"3":1,"4":1,"5":0,"6":1},"b":{"0":[0,1],"1":[1,1],"2":[0,1],"3":[1,0,0],"4":[1,2],"5":[2,0]},"_coverageSchema":"1a1c01bbd47fc00a2c39e90264f33305004495a9","hash":"685b83d30cdbfd0ad73ce0aa3c34a7315080b46d"}
,"/Users/faraneh.javadinejad/PERSONAL_GITHUB/tax-calculation/src/pages/mainPage.tsx": {"path":"/Users/faraneh.javadinejad/PERSONAL_GITHUB/tax-calculation/src/pages/mainPage.tsx","statementMap":{"0":{"start":{"line":7,"column":30},"end":{"line":7,"column":49}},"1":{"start":{"line":8,"column":26},"end":{"line":8,"column":48}},"2":{"start":{"line":9,"column":38},"end":{"line":9,"column":62}},"3":{"start":{"line":10,"column":40},"end":{"line":10,"column":64}},"4":{"start":{"line":13,"column":22},"end":{"line":13,"column":46}},"5":{"start":{"line":16,"column":28},"end":{"line":24,"column":3}},"6":{"start":{"line":17,"column":18},"end":{"line":17,"column":44}},"7":{"start":{"line":19,"column":4},"end":{"line":19,"column":25}},"8":{"start":{"line":21,"column":4},"end":{"line":23,"column":49}},"9":{"start":{"line":26,"column":28},"end":{"line":29,"column":3}},"10":{"start":{"line":27,"column":4},"end":{"line":27,"column":27}},"11":{"start":{"line":28,"column":4},"end":{"line":28,"column":24}},"12":{"start":{"line":32,"column":2},"end":{"line":36,"column":33}},"13":{"start":{"line":33,"column":4},"end":{"line":35,"column":24}},"14":{"start":{"line":38,"column":29},"end":{"line":38,"column":51}},"15":{"start":{"line":41,"column":2},"end":{"line":69,"column":4}}},"fnMap":{"0":{"name":"MainPage","decl":{"start":{"line":6,"column":9},"end":{"line":6,"column":17}},"loc":{"start":{"line":6,"column":20},"end":{"line":70,"column":1}},"line":6},"1":{"name":"(anonymous_1)","decl":{"start":{"line":16,"column":28},"end":{"line":16,"column":29}},"loc":{"start":{"line":16,"column":76},"end":{"line":24,"column":3}},"line":16},"2":{"name":"(anonymous_2)","decl":{"start":{"line":26,"column":28},"end":{"line":26,"column":29}},"loc":{"start":{"line":26,"column":73},"end":{"line":29,"column":3}},"line":26},"3":{"name":"(anonymous_3)","decl":{"start":{"line":32,"column":12},"end":{"line":32,"column":13}},"loc":{"start":{"line":32,"column":18},"end":{"line":36,"column":3}},"line":32}},"branchMap":{"0":{"loc":{"start":{"line":21,"column":4},"end":{"line":23,"column":48}},"type":"cond-expr","locations":[{"start":{"line":21,"column":33},"end":{"line":21,"column":47}},{"start":{"line":22,"column":4},"end":{"line":23,"column":48}}],"line":21},"1":{"loc":{"start":{"line":22,"column":4},"end":{"line":23,"column":48}},"type":"cond-expr","locations":[{"start":{"line":22,"column":35},"end":{"line":22,"column":51}},{"start":{"line":23,"column":4},"end":{"line":23,"column":48}}],"line":22},"2":{"loc":{"start":{"line":33,"column":4},"end":{"line":35,"column":23}},"type":"cond-expr","locations":[{"start":{"line":33,"column":40},"end":{"line":33,"column":60}},{"start":{"line":34,"column":4},"end":{"line":35,"column":23}}],"line":33},"3":{"loc":{"start":{"line":33,"column":4},"end":{"line":33,"column":37}},"type":"binary-expr","locations":[{"start":{"line":33,"column":4},"end":{"line":33,"column":15}},{"start":{"line":33,"column":19},"end":{"line":33,"column":37}}],"line":33},"4":{"loc":{"start":{"line":34,"column":4},"end":{"line":35,"column":23}},"type":"cond-expr","locations":[{"start":{"line":34,"column":17},"end":{"line":34,"column":37}},{"start":{"line":35,"column":4},"end":{"line":35,"column":23}}],"line":34},"5":{"loc":{"start":{"line":51,"column":27},"end":{"line":51,"column":64}},"type":"cond-expr","locations":[{"start":{"line":51,"column":40},"end":{"line":51,"column":55}},{"start":{"line":51,"column":58},"end":{"line":51,"column":64}}],"line":51},"6":{"loc":{"start":{"line":59,"column":27},"end":{"line":59,"column":87}},"type":"cond-expr","locations":[{"start":{"line":59,"column":63},"end":{"line":59,"column":78}},{"start":{"line":59,"column":81},"end":{"line":59,"column":87}}],"line":59},"7":{"loc":{"start":{"line":59,"column":27},"end":{"line":59,"column":60}},"type":"binary-expr","locations":[{"start":{"line":59,"column":27},"end":{"line":59,"column":38}},{"start":{"line":59,"column":42},"end":{"line":59,"column":60}}],"line":59},"8":{"loc":{"start":{"line":63,"column":7},"end":{"line":67,"column":10}},"type":"cond-expr","locations":[{"start":{"line":63,"column":35},"end":{"line":63,"column":133}},{"start":{"line":64,"column":6},"end":{"line":67,"column":10}}],"line":63},"9":{"loc":{"start":{"line":63,"column":7},"end":{"line":63,"column":32}},"type":"binary-expr","locations":[{"start":{"line":63,"column":7},"end":{"line":63,"column":17}},{"start":{"line":63,"column":21},"end":{"line":63,"column":32}}],"line":63},"10":{"loc":{"start":{"line":64,"column":6},"end":{"line":67,"column":10}},"type":"cond-expr","locations":[{"start":{"line":64,"column":88},"end":{"line":64,"column":180}},{"start":{"line":65,"column":6},"end":{"line":67,"column":10}}],"line":64},"11":{"loc":{"start":{"line":64,"column":6},"end":{"line":64,"column":85}},"type":"binary-expr","locations":[{"start":{"line":64,"column":6},"end":{"line":64,"column":17}},{"start":{"line":64,"column":21},"end":{"line":64,"column":32}},{"start":{"line":64,"column":37},"end":{"line":64,"column":48}},{"start":{"line":64,"column":52},"end":{"line":64,"column":70}},{"start":{"line":64,"column":75},"end":{"line":64,"column":85}}],"line":64},"12":{"loc":{"start":{"line":65,"column":6},"end":{"line":67,"column":10}},"type":"cond-expr","locations":[{"start":{"line":65,"column":74},"end":{"line":65,"column":164}},{"start":{"line":66,"column":6},"end":{"line":67,"column":10}}],"line":65},"13":{"loc":{"start":{"line":65,"column":6},"end":{"line":65,"column":71}},"type":"binary-expr","locations":[{"start":{"line":65,"column":6},"end":{"line":65,"column":17}},{"start":{"line":65,"column":21},"end":{"line":65,"column":32}},{"start":{"line":65,"column":37},"end":{"line":65,"column":48}},{"start":{"line":65,"column":52},"end":{"line":65,"column":70}}],"line":65},"14":{"loc":{"start":{"line":66,"column":6},"end":{"line":67,"column":10}},"type":"cond-expr","locations":[{"start":{"line":66,"column":49},"end":{"line":66,"column":141}},{"start":{"line":67,"column":6},"end":{"line":67,"column":10}}],"line":66},"15":{"loc":{"start":{"line":66,"column":6},"end":{"line":66,"column":46}},"type":"binary-expr","locations":[{"start":{"line":66,"column":6},"end":{"line":66,"column":17}},{"start":{"line":66,"column":21},"end":{"line":66,"column":32}},{"start":{"line":66,"column":36},"end":{"line":66,"column":46}}],"line":66}},"s":{"0":16,"1":16,"2":16,"3":16,"4":16,"5":16,"6":4,"7":4,"8":4,"9":16,"10":2,"11":2,"12":16,"13":7,"14":16,"15":16},"f":{"0":16,"1":4,"2":2,"3":7},"b":{"0":[2,2],"1":[2,0],"2":[1,6],"3":[7,7],"4":[1,5],"5":[5,11],"6":[3,13],"7":[16,16],"8":[1,15],"9":[16,9],"10":[1,14],"11":[15,7,1,1,1],"12":[0,14],"13":[14,6,0,0],"14":[0,14],"15":[14,6,0]},"_coverageSchema":"1a1c01bbd47fc00a2c39e90264f33305004495a9","hash":"64913a131a2e18a73a6739ee521bb2300f285ab0"}
,"/Users/faraneh.javadinejad/PERSONAL_GITHUB/tax-calculation/src/utility/formatter.tsx": {"path":"/Users/faraneh.javadinejad/PERSONAL_GITHUB/tax-calculation/src/utility/formatter.tsx","statementMap":{"0":{"start":{"line":5,"column":4},"end":{"line":7,"column":5}},"1":{"start":{"line":6,"column":8},"end":{"line":6,"column":79}},"2":{"start":{"line":8,"column":4},"end":{"line":8,"column":15}}},"fnMap":{"0":{"name":"Formatter","decl":{"start":{"line":3,"column":16},"end":{"line":3,"column":25}},"loc":{"start":{"line":3,"column":58},"end":{"line":9,"column":1}},"line":3}},"branchMap":{"0":{"loc":{"start":{"line":5,"column":4},"end":{"line":7,"column":5}},"type":"if","locations":[{"start":{"line":5,"column":4},"end":{"line":7,"column":5}},{"start":{},"end":{}}],"line":5}},"s":{"0":2,"1":2,"2":0},"f":{"0":2},"b":{"0":[2,0]},"_coverageSchema":"1a1c01bbd47fc00a2c39e90264f33305004495a9","hash":"96ef06c12913e47b4b427cc39409f0bad88799cc"}
}
