TN:
SF:src/App.tsx
FN:6,App
FNF:1
FNH:0
FNDA:0,App
DA:7,0
LF:1
LH:0
BRF:0
BRH:0
end_of_record
TN:
SF:src/components/calculator.tsx
FN:20,(anonymous_0)
FN:24,(anonymous_1)
FN:25,(anonymous_2)
FN:27,(anonymous_3)
FN:34,(anonymous_4)
FN:38,(anonymous_5)
FN:50,(anonymous_6)
FNF:7
FNH:6
FNDA:3,(anonymous_0)
FNDA:2,(anonymous_1)
FNDA:2,(anonymous_2)
FNDA:1,(anonymous_3)
FNDA:1,(anonymous_4)
FNDA:0,(anonymous_5)
FNDA:1,(anonymous_6)
DA:20,2
DA:21,3
DA:22,3
DA:24,3
DA:25,2
DA:26,2
DA:28,1
DA:29,0
DA:30,0
DA:32,1
DA:35,1
DA:36,1
DA:39,0
DA:40,0
DA:44,2
DA:50,3
DA:51,1
DA:52,1
DA:54,1
DA:55,1
DA:57,1
DA:58,0
DA:60,1
DA:61,1
DA:64,1
DA:71,3
LF:26
LH:21
BRDA:28,0,0,0
BRDA:28,0,1,1
BRDA:28,1,0,1
BRDA:28,1,1,1
BRDA:57,2,0,0
BRDA:57,2,1,1
BRDA:57,3,0,1
BRDA:57,3,1,0
BRDA:57,3,2,0
BRDA:74,4,0,1
BRDA:74,4,1,2
BRDA:79,5,0,2
BRDA:79,5,1,0
BRF:13
BRH:8
end_of_record
TN:
SF:src/pages/mainPage.tsx
FN:6,MainPage
FN:16,(anonymous_1)
FN:26,(anonymous_2)
FN:32,(anonymous_3)
FNF:4
FNH:4
FNDA:16,MainPage
FNDA:4,(anonymous_1)
FNDA:2,(anonymous_2)
FNDA:7,(anonymous_3)
DA:7,16
DA:8,16
DA:9,16
DA:10,16
DA:13,16
DA:16,16
DA:17,4
DA:19,4
DA:21,4
DA:26,16
DA:27,2
DA:28,2
DA:32,16
DA:33,7
DA:38,16
DA:41,16
LF:16
LH:16
BRDA:21,0,0,2
BRDA:21,0,1,2
BRDA:22,1,0,2
BRDA:22,1,1,0
BRDA:33,2,0,1
BRDA:33,2,1,6
BRDA:33,3,0,7
BRDA:33,3,1,7
BRDA:34,4,0,1
BRDA:34,4,1,5
BRDA:51,5,0,5
BRDA:51,5,1,11
BRDA:59,6,0,3
BRDA:59,6,1,13
BRDA:59,7,0,16
BRDA:59,7,1,16
BRDA:63,8,0,1
BRDA:63,8,1,15
BRDA:63,9,0,16
BRDA:63,9,1,9
BRDA:64,10,0,1
BRDA:64,10,1,14
BRDA:64,11,0,15
BRDA:64,11,1,7
BRDA:64,11,2,1
BRDA:64,11,3,1
BRDA:64,11,4,1
BRDA:65,12,0,0
BRDA:65,12,1,14
BRDA:65,13,0,14
BRDA:65,13,1,6
BRDA:65,13,2,0
BRDA:65,13,3,0
BRDA:66,14,0,0
BRDA:66,14,1,14
BRDA:66,15,0,14
BRDA:66,15,1,6
BRDA:66,15,2,0
BRF:38
BRH:32
end_of_record
TN:
SF:src/utility/formatter.tsx
FN:3,Formatter
FNF:1
FNH:1
FNDA:2,Formatter
DA:5,2
DA:6,2
DA:8,0
LF:3
LH:2
BRDA:5,0,0,2
BRDA:5,0,1,0
BRF:2
BRH:1
end_of_record
